INFO 2025-09-12 18:31:30,821 views 176 139987037185728 [DASHBOARD] Iniciando dashboard para usuario: andresarboleda400@gmail.com
INFO 2025-09-12 18:31:30,828 views 176 139987037185728 [DASHBOARD] Suscripciones encontradas: 1
INFO 2025-09-12 18:31:30,832 views 176 139987037185728 [DASHBOARD] Total de ejecuciones: 0
INFO 2025-09-12 18:31:30,845 views 176 139987037185728 [DASHBOARD] Renderizando plantilla dashboard
INFO 2025-09-12 18:34:48,203 views 176 139987037185728 [DASHBOARD] Iniciando dashboard para usuario: andresarboleda400@gmail.com
INFO 2025-09-12 18:34:48,208 views 176 139987037185728 [DASHBOARD] Suscripciones encontradas: 1
INFO 2025-09-12 18:34:48,211 views 176 139987037185728 [DASHBOARD] Total de ejecuciones: 0
INFO 2025-09-12 18:34:48,218 views 176 139987037185728 [DASHBOARD] Renderizando plantilla dashboard
INFO 2025-09-13 06:38:14,691 views 13 127968784410304 [DASHBOARD] Iniciando dashboard para usuario: gaarboledag@gmail.com
INFO 2025-09-13 06:38:14,738 views 13 127968784410304 [DASHBOARD] Suscripciones encontradas: 0
INFO 2025-09-13 06:38:14,752 views 13 127968784410304 [DASHBOARD] Total de ejecuciones: 0
INFO 2025-09-13 06:38:14,770 views 13 127968784410304 [DASHBOARD] Renderizando plantilla dashboard
INFO 2025-09-13 06:38:24,747 views 13 127968784410304 [DASHBOARD] Iniciando dashboard para usuario: gaarboledag@gmail.com
INFO 2025-09-13 06:38:24,753 views 13 127968784410304 [DASHBOARD] Suscripciones encontradas: 0
INFO 2025-09-13 06:38:24,764 views 13 127968784410304 [DASHBOARD] Total de ejecuciones: 0
INFO 2025-09-13 06:38:24,774 views 13 127968784410304 [DASHBOARD] Renderizando plantilla dashboard
INFO 2025-09-13 06:43:49,586 views 13 127968416364224 [DASHBOARD] Iniciando dashboard para usuario: andresarboleda400@gmail.com
INFO 2025-09-13 06:43:49,590 views 13 127968416364224 [DASHBOARD] Suscripciones encontradas: 1
INFO 2025-09-13 06:43:49,594 views 13 127968416364224 [DASHBOARD] Total de ejecuciones: 0
INFO 2025-09-13 06:43:49,605 views 13 127968416364224 [DASHBOARD] Renderizando plantilla dashboard
INFO 2025-09-13 07:02:49,324 views 42 135852208420544 [DASHBOARD] Iniciando dashboard para usuario: andresarboleda400@gmail.com
INFO 2025-09-13 07:02:49,367 views 42 135852208420544 [DASHBOARD] Suscripciones encontradas: 1
INFO 2025-09-13 07:02:49,375 views 42 135852208420544 [DASHBOARD] Total de ejecuciones: 0
INFO 2025-09-13 07:02:49,408 views 42 135852208420544 [DASHBOARD] Renderizando plantilla dashboard
INFO 2025-09-13 07:03:25,233 views 13 125299979187904 [DASHBOARD] Iniciando dashboard para usuario: andresarboleda400@gmail.com
INFO 2025-09-13 07:03:25,241 views 13 125299979187904 [DASHBOARD] Suscripciones encontradas: 1
INFO 2025-09-13 07:03:25,246 views 13 125299979187904 [DASHBOARD] Total de ejecuciones: 0
INFO 2025-09-13 07:03:25,256 views 13 125299979187904 [DASHBOARD] Renderizando plantilla dashboard
INFO 2025-09-13 07:06:41,268 views 13 125299979187904 [DASHBOARD] Iniciando dashboard para usuario: andresarboleda400@gmail.com
INFO 2025-09-13 07:06:41,272 views 13 125299979187904 [DASHBOARD] Suscripciones encontradas: 1
INFO 2025-09-13 07:06:41,275 views 13 125299979187904 [DASHBOARD] Total de ejecuciones: 0
INFO 2025-09-13 07:06:41,281 views 13 125299979187904 [DASHBOARD] Renderizando plantilla dashboard
INFO 2025-09-13 07:12:57,556 views 57 135083982845632 [DASHBOARD] Iniciando dashboard para usuario: andresarboleda400@gmail.com
INFO 2025-09-13 07:12:57,562 views 57 135083982845632 [DASHBOARD] Suscripciones encontradas: 1
INFO 2025-09-13 07:12:57,565 views 57 135083982845632 [DASHBOARD] Total de ejecuciones: 0
INFO 2025-09-13 07:12:57,573 views 57 135083982845632 [DASHBOARD] Renderizando plantilla dashboard
INFO 2025-09-13 07:22:13,586 views 13 139472629921472 [DASHBOARD] Iniciando dashboard para usuario: andresarboleda400@gmail.com
INFO 2025-09-13 07:22:13,612 views 13 139472629921472 [DASHBOARD] Suscripciones encontradas: 1
INFO 2025-09-13 07:22:13,619 views 13 139472629921472 [DASHBOARD] Total de ejecuciones: 0
INFO 2025-09-13 07:22:13,653 views 13 139472629921472 [DASHBOARD] Renderizando plantilla dashboard
INFO 2025-09-13 07:23:03,801 views 13 139472629921472 [DASHBOARD] Iniciando dashboard para usuario: andresarboleda400@gmail.com
INFO 2025-09-13 07:23:03,805 views 13 139472629921472 [DASHBOARD] Suscripciones encontradas: 1
INFO 2025-09-13 07:23:03,811 views 13 139472629921472 [DASHBOARD] Total de ejecuciones: 0
INFO 2025-09-13 07:23:03,819 views 13 139472629921472 [DASHBOARD] Renderizando plantilla dashboard
INFO 2025-09-13 07:34:51,764 views 59 131468804224704 [DASHBOARD] Iniciando dashboard para usuario: andresarboleda400@gmail.com
INFO 2025-09-13 07:34:51,767 views 59 131468804224704 [DASHBOARD] Suscripciones encontradas: 1
INFO 2025-09-13 07:34:51,771 views 59 131468804224704 [DASHBOARD] Total de ejecuciones: 0
INFO 2025-09-13 07:34:51,780 views 59 131468804224704 [DASHBOARD] Renderizando plantilla dashboard
INFO 2025-09-13 08:15:13,703 views 59 131468804224704 [DASHBOARD] Iniciando dashboard para usuario: andresarboleda400@gmail.com
INFO 2025-09-13 08:15:13,706 views 59 131468804224704 [DASHBOARD] Suscripciones encontradas: 1
INFO 2025-09-13 08:15:13,709 views 59 131468804224704 [DASHBOARD] Total de ejecuciones: 0
INFO 2025-09-13 08:15:13,719 views 59 131468804224704 [DASHBOARD] Renderizando plantilla dashboard
INFO 2025-09-13 08:17:30,897 views 59 131468804224704 [DASHBOARD] Iniciando dashboard para usuario: andresarboleda400@gmail.com
INFO 2025-09-13 08:17:30,900 views 59 131468804224704 [DASHBOARD] Suscripciones encontradas: 1
INFO 2025-09-13 08:17:30,905 views 59 131468804224704 [DASHBOARD] Total de ejecuciones: 0
INFO 2025-09-13 08:17:30,912 views 59 131468804224704 [DASHBOARD] Renderizando plantilla dashboard
INFO 2025-09-13 08:17:32,942 views 59 131468804224704 [DASHBOARD] Iniciando dashboard para usuario: andresarboleda400@gmail.com
INFO 2025-09-13 08:17:32,945 views 59 131468804224704 [DASHBOARD] Suscripciones encontradas: 1
INFO 2025-09-13 08:17:32,948 views 59 131468804224704 [DASHBOARD] Total de ejecuciones: 0
INFO 2025-09-13 08:17:32,956 views 59 131468804224704 [DASHBOARD] Renderizando plantilla dashboard
INFO 2025-09-13 08:17:38,811 views 59 131468804224704 [DASHBOARD] Iniciando dashboard para usuario: andresarboleda400@gmail.com
INFO 2025-09-13 08:17:38,818 views 59 131468804224704 [DASHBOARD] Suscripciones encontradas: 1
INFO 2025-09-13 08:17:38,821 views 59 131468804224704 [DASHBOARD] Total de ejecuciones: 0
INFO 2025-09-13 08:17:38,827 views 59 131468804224704 [DASHBOARD] Renderizando plantilla dashboard
INFO 2025-09-13 08:18:28,639 views 59 131468804224704 [DASHBOARD] Iniciando dashboard para usuario: andresarboleda400@gmail.com
INFO 2025-09-13 08:18:28,643 views 59 131468804224704 [DASHBOARD] Suscripciones encontradas: 1
INFO 2025-09-13 08:18:28,647 views 59 131468804224704 [DASHBOARD] Total de ejecuciones: 0
INFO 2025-09-13 08:18:28,654 views 59 131468804224704 [DASHBOARD] Renderizando plantilla dashboard
INFO 2025-09-13 08:21:44,719 views 59 131468804224704 [DASHBOARD] Iniciando dashboard para usuario: andresarboleda400@gmail.com
INFO 2025-09-13 08:21:44,722 views 59 131468804224704 [DASHBOARD] Suscripciones encontradas: 1
INFO 2025-09-13 08:21:44,727 views 59 131468804224704 [DASHBOARD] Total de ejecuciones: 0
INFO 2025-09-13 08:21:44,733 views 59 131468804224704 [DASHBOARD] Renderizando plantilla dashboard
INFO 2025-09-13 08:22:21,752 views 59 131468804224704 [DASHBOARD] Iniciando dashboard para usuario: andresarboleda400@gmail.com
INFO 2025-09-13 08:22:21,755 views 59 131468804224704 [DASHBOARD] Suscripciones encontradas: 1
INFO 2025-09-13 08:22:21,758 views 59 131468804224704 [DASHBOARD] Total de ejecuciones: 0
INFO 2025-09-13 08:22:21,767 views 59 131468804224704 [DASHBOARD] Renderizando plantilla dashboard
INFO 2025-09-13 08:24:33,445 views 59 131468804224704 [DASHBOARD] Iniciando dashboard para usuario: andresarboleda400@gmail.com
INFO 2025-09-13 08:24:33,448 views 59 131468804224704 [DASHBOARD] Suscripciones encontradas: 1
INFO 2025-09-13 08:24:33,451 views 59 131468804224704 [DASHBOARD] Total de ejecuciones: 0
INFO 2025-09-13 08:24:33,460 views 59 131468804224704 [DASHBOARD] Renderizando plantilla dashboard
INFO 2025-09-13 08:25:55,996 views 59 131468804224704 [DASHBOARD] Iniciando dashboard para usuario: andresarboleda400@gmail.com
INFO 2025-09-13 08:25:55,999 views 59 131468804224704 [DASHBOARD] Suscripciones encontradas: 1
INFO 2025-09-13 08:25:56,002 views 59 131468804224704 [DASHBOARD] Total de ejecuciones: 0
INFO 2025-09-13 08:25:56,009 views 59 131468804224704 [DASHBOARD] Renderizando plantilla dashboard
INFO 2025-09-13 08:26:05,781 views 59 131468804224704 [DASHBOARD] Iniciando dashboard para usuario: andresarboleda400@gmail.com
INFO 2025-09-13 08:26:05,784 views 59 131468804224704 [DASHBOARD] Suscripciones encontradas: 1
INFO 2025-09-13 08:26:05,787 views 59 131468804224704 [DASHBOARD] Total de ejecuciones: 0
INFO 2025-09-13 08:26:05,794 views 59 131468804224704 [DASHBOARD] Renderizando plantilla dashboard
INFO 2025-09-13 08:26:17,659 views 59 131468804224704 [DASHBOARD] Iniciando dashboard para usuario: andresarboleda400@gmail.com
INFO 2025-09-13 08:26:17,665 views 59 131468804224704 [DASHBOARD] Suscripciones encontradas: 1
INFO 2025-09-13 08:26:17,671 views 59 131468804224704 [DASHBOARD] Total de ejecuciones: 0
INFO 2025-09-13 08:26:17,682 views 59 131468804224704 [DASHBOARD] Renderizando plantilla dashboard
INFO 2025-09-13 08:29:51,535 views 59 131468792686272 [DASHBOARD] Iniciando dashboard para usuario: andresarboleda400@gmail.com
INFO 2025-09-13 08:29:51,540 views 59 131468792686272 [DASHBOARD] Suscripciones encontradas: 1
INFO 2025-09-13 08:29:51,546 views 59 131468792686272 [DASHBOARD] Total de ejecuciones: 0
INFO 2025-09-13 08:29:51,558 views 59 131468792686272 [DASHBOARD] Renderizando plantilla dashboard
INFO 2025-09-13 08:32:23,474 views 59 131468792686272 [DASHBOARD] Iniciando dashboard para usuario: andresarboleda400@gmail.com
INFO 2025-09-13 08:32:23,477 views 59 131468792686272 [DASHBOARD] Suscripciones encontradas: 1
INFO 2025-09-13 08:32:23,480 views 59 131468792686272 [DASHBOARD] Total de ejecuciones: 0
INFO 2025-09-13 08:32:23,492 views 59 131468792686272 [DASHBOARD] Renderizando plantilla dashboard
INFO 2025-09-13 09:02:10,220 views 59 131468804224704 [DASHBOARD] Iniciando dashboard para usuario: andresarboleda400@gmail.com
INFO 2025-09-13 09:02:10,226 views 59 131468804224704 [DASHBOARD] Suscripciones encontradas: 1
INFO 2025-09-13 09:02:10,230 views 59 131468804224704 [DASHBOARD] Total de ejecuciones: 0
INFO 2025-09-13 09:02:10,239 views 59 131468804224704 [DASHBOARD] Renderizando plantilla dashboard
INFO 2025-09-13 09:06:37,608 views 59 131468792686272 [DASHBOARD] Iniciando dashboard para usuario: andresarboleda400@gmail.com
INFO 2025-09-13 09:06:37,613 views 59 131468792686272 [DASHBOARD] Suscripciones encontradas: 1
INFO 2025-09-13 09:06:37,616 views 59 131468792686272 [DASHBOARD] Total de ejecuciones: 0
INFO 2025-09-13 09:06:37,625 views 59 131468792686272 [DASHBOARD] Renderizando plantilla dashboard
INFO 2025-09-13 09:07:56,376 views 59 131468804224704 [DASHBOARD] Iniciando dashboard para usuario: andresarboleda400@gmail.com
INFO 2025-09-13 09:07:56,382 views 59 131468804224704 [DASHBOARD] Suscripciones encontradas: 1
INFO 2025-09-13 09:07:56,385 views 59 131468804224704 [DASHBOARD] Total de ejecuciones: 0
INFO 2025-09-13 09:07:56,394 views 59 131468804224704 [DASHBOARD] Renderizando plantilla dashboard
INFO 2025-09-13 09:08:40,786 views 59 131468804224704 [DASHBOARD] Iniciando dashboard para usuario: andresarboleda400@gmail.com
INFO 2025-09-13 09:08:40,791 views 59 131468804224704 [DASHBOARD] Suscripciones encontradas: 1
INFO 2025-09-13 09:08:40,798 views 59 131468804224704 [DASHBOARD] Total de ejecuciones: 0
INFO 2025-09-13 09:08:40,810 views 59 131468804224704 [DASHBOARD] Renderizando plantilla dashboard
INFO 2025-09-13 09:20:13,680 views 59 131468792686272 [DASHBOARD] Iniciando dashboard para usuario: andresarboleda400@gmail.com
INFO 2025-09-13 09:20:13,684 views 59 131468792686272 [DASHBOARD] Suscripciones encontradas: 1
INFO 2025-09-13 09:20:13,687 views 59 131468792686272 [DASHBOARD] Total de ejecuciones: 0
INFO 2025-09-13 09:20:13,695 views 59 131468792686272 [DASHBOARD] Renderizando plantilla dashboard
INFO 2025-09-13 09:21:49,168 views 59 131468792686272 [DASHBOARD] Iniciando dashboard para usuario: andresarboleda400@gmail.com
INFO 2025-09-13 09:21:49,171 views 59 131468792686272 [DASHBOARD] Suscripciones encontradas: 1
INFO 2025-09-13 09:21:49,174 views 59 131468792686272 [DASHBOARD] Total de ejecuciones: 0
INFO 2025-09-13 09:21:49,183 views 59 131468792686272 [DASHBOARD] Renderizando plantilla dashboard
INFO 2025-09-13 09:25:09,010 views 59 131468804224704 [DASHBOARD] Iniciando dashboard para usuario: andresarboleda400@gmail.com
INFO 2025-09-13 09:25:09,014 views 59 131468804224704 [DASHBOARD] Suscripciones encontradas: 1
INFO 2025-09-13 09:25:09,018 views 59 131468804224704 [DASHBOARD] Total de ejecuciones: 0
INFO 2025-09-13 09:25:09,025 views 59 131468804224704 [DASHBOARD] Renderizando plantilla dashboard
INFO 2025-09-13 09:42:05,675 views 59 131468792686272 [DASHBOARD] Iniciando dashboard para usuario: andresarboleda400@gmail.com
INFO 2025-09-13 09:42:05,678 views 59 131468792686272 [DASHBOARD] Suscripciones encontradas: 1
INFO 2025-09-13 09:42:05,681 views 59 131468792686272 [DASHBOARD] Total de ejecuciones: 0
INFO 2025-09-13 09:42:05,690 views 59 131468792686272 [DASHBOARD] Renderizando plantilla dashboard
INFO 2025-09-13 09:42:29,646 views 59 131468792686272 [DASHBOARD] Iniciando dashboard para usuario: andresarboleda400@gmail.com
INFO 2025-09-13 09:42:29,649 views 59 131468792686272 [DASHBOARD] Suscripciones encontradas: 1
INFO 2025-09-13 09:42:29,652 views 59 131468792686272 [DASHBOARD] Total de ejecuciones: 0
INFO 2025-09-13 09:42:29,659 views 59 131468792686272 [DASHBOARD] Renderizando plantilla dashboard
INFO 2025-09-13 09:45:02,753 views 59 131468792686272 [DASHBOARD] Iniciando dashboard para usuario: andresarboleda400@gmail.com
INFO 2025-09-13 09:45:02,757 views 59 131468792686272 [DASHBOARD] Suscripciones encontradas: 1
INFO 2025-09-13 09:45:02,762 views 59 131468792686272 [DASHBOARD] Total de ejecuciones: 0
INFO 2025-09-13 09:45:02,769 views 59 131468792686272 [DASHBOARD] Renderizando plantilla dashboard
INFO 2025-09-13 09:47:22,196 views 59 131468792686272 [DASHBOARD] Iniciando dashboard para usuario: andresarboleda400@gmail.com
INFO 2025-09-13 09:47:22,199 views 59 131468792686272 [DASHBOARD] Suscripciones encontradas: 1
INFO 2025-09-13 09:47:22,203 views 59 131468792686272 [DASHBOARD] Total de ejecuciones: 0
INFO 2025-09-13 09:47:22,212 views 59 131468792686272 [DASHBOARD] Renderizando plantilla dashboard
INFO 2025-09-13 10:32:07,673 views 59 131468792686272 [DASHBOARD] Iniciando dashboard para usuario: andresarboleda400@gmail.com
INFO 2025-09-13 10:32:07,677 views 59 131468792686272 [DASHBOARD] Suscripciones encontradas: 1
INFO 2025-09-13 10:32:07,680 views 59 131468792686272 [DASHBOARD] Total de ejecuciones: 0
INFO 2025-09-13 10:32:07,687 views 59 131468792686272 [DASHBOARD] Renderizando plantilla dashboard
INFO 2025-09-13 10:58:40,767 views 114 136231958607552 [DASHBOARD] Iniciando dashboard para usuario: andresarboleda400@gmail.com
INFO 2025-09-13 10:58:40,771 views 114 136231958607552 [DASHBOARD] Suscripciones encontradas: 1
INFO 2025-09-13 10:58:40,777 views 114 136231958607552 [DASHBOARD] Total de ejecuciones: 0
INFO 2025-09-13 10:58:40,790 views 114 136231958607552 [DASHBOARD] Renderizando plantilla dashboard
INFO 2025-09-13 11:02:20,703 views 114 136231958607552 [DASHBOARD] Iniciando dashboard para usuario: andresarboleda400@gmail.com
INFO 2025-09-13 11:02:20,709 views 114 136231958607552 [DASHBOARD] Suscripciones encontradas: 1
INFO 2025-09-13 11:02:20,713 views 114 136231958607552 [DASHBOARD] Total de ejecuciones: 0
INFO 2025-09-13 11:02:20,724 views 114 136231958607552 [DASHBOARD] Renderizando plantilla dashboard
INFO 2025-09-13 11:05:26,223 views 14 135707322476224 [DASHBOARD] Iniciando dashboard para usuario: andresarboleda400@gmail.com
INFO 2025-09-13 11:05:26,236 views 14 135707322476224 [DASHBOARD] Suscripciones encontradas: 1
INFO 2025-09-13 11:05:26,241 views 14 135707322476224 [DASHBOARD] Total de ejecuciones: 0
INFO 2025-09-13 11:05:26,254 views 14 135707322476224 [DASHBOARD] Renderizando plantilla dashboard
